<?xml version="1.0" encoding="utf-8" ?>
<!DOCTYPE html PUBLIC "-//W3C//DTD XHTML 1.0 Strict//EN"
        "http://www.w3.org/TR/xhtml1/DTD/xhtml1-strict.dtd">
<html xmlns="http://www.w3.org/1999/xhtml" xml:lang="" lang="">
<head>
  <title>Test Results Report - Login Test</title>
  <meta http-equiv="Content-Type" content="text/html;charset=utf-8" />
  <meta name="description" content="TestNG unit test results." />
  <link href="reportng.css" rel="stylesheet" type="text/css" />
    <script type="text/javascript" src="reportng.js"></script>
</head>
<body>
<h1>Login Test</h1>
<p>
  Test duration: 59.689s
</p>



  <table class="resultsTable">
    <tr><th colspan="3" class="header failed">Failed Tests</th></tr>
          <tr>
        <td colspan="3" class="group">com.tutorialsninja.demo.testsuite.DesktopsTest</td>
      </tr>
            
<tr>
  <td class="method">
                  verifyProductAddedToShoppingCartSuccessFully
      </td>
  <td class="duration">
    34.689s
  </td>
  <td class="result">
        
          <i>Method arguments: </i><span class="arguments">"HP LP3065", "1", "Success: You have added HP LP3065 to your shopping cart!", "HP LP3065", "Product 21", "£74.73"</span><br />
    
            <div class="testOutput">
                        Click on [[ChromeDriver: chrome on windows (3e1f843573585ca6407653454bf81b83)] -> xpath: //span[normalize-space()='Currency']]
                                Click on [[ChromeDriver: chrome on windows (3e1f843573585ca6407653454bf81b83)] -> xpath: //a[normalize-space()='Desktops']]
                                Click on HP LP3065
                                update 1
                                Click on [[ChromeDriver: chrome on windows (3e1f843573585ca6407653454bf81b83)] -> id: button-cart]
                                Get Proxy element for: DefaultElementLocator 'By.xpath: //div[@class='alert alert-success alert-dismissible']'
                                Click on [[ChromeDriver: chrome on windows (3e1f843573585ca6407653454bf81b83)] -> xpath: //a[normalize-space()='shopping cart']]
                                Get [[ChromeDriver: chrome on windows (3e1f843573585ca6407653454bf81b83)] -> xpath: //h1[contains(text(),'Shopping Cart')]]
                                Get [[ChromeDriver: chrome on windows (3e1f843573585ca6407653454bf81b83)] -> xpath: //body[1]/div[2]/div[1]/div[1]/form[1]/div[1]/table[1]/tbody[1]/tr[1]/td[2]/a[1]]
                                Get [[ChromeDriver: chrome on windows (3e1f843573585ca6407653454bf81b83)] -> xpath: //tbody//tr//td[@class='text-left'][2]]
                                Get [[ChromeDriver: chrome on windows (3e1f843573585ca6407653454bf81b83)] -> xpath: //body[1]/div[2]/div[1]/div[1]/form[1]/div[1]/table[1]/tbody[1]/tr[1]/td[6]]
                                Click to see screenshot
                                <a target = "_blank" href=C:\Users\nirav\IdeaProjects\com-tutorialsninja-sw5/test-output/html/verifyProductAddedToShoppingCartSuccessFullyMon_Jun_17_11_52_47_BST_2024.jpg>Screenshot</a>
                                <br>
                                <br>
                                <a target = "_blank" href=C:\Users\nirav\IdeaProjects\com-tutorialsninja-sw5/test-output/html/verifyProductAddedToShoppingCartSuccessFullyMon_Jun_17_11_52_47_BST_2024.jpg><img src=C:\Users\nirav\IdeaProjects\com-tutorialsninja-sw5/test-output/html/verifyProductAddedToShoppingCartSuccessFullyMon_Jun_17_11_52_47_BST_2024.jpg height=200 width=200></img></a>
                  </div>
    

        <a href="javascript:toggleElement('exception-0', 'block')" title="Click to expand/collapse"><b>java.lang.AssertionError: expected [£74.73] but found [£149.45]</b></a><br />
    <div class="stackTrace" id="exception-0">
              org.testng.Assert.fail(Assert.java:111)<br />
              org.testng.Assert.failNotEquals(Assert.java:1578)<br />
              org.testng.Assert.assertEqualsImpl(Assert.java:150)<br />
              org.testng.Assert.assertEquals(Assert.java:132)<br />
              org.testng.Assert.assertEquals(Assert.java:656)<br />
              org.testng.Assert.assertEquals(Assert.java:666)<br />
              com.tutorialsninja.demo.testsuite.DesktopsTest.verifyProductAddedToShoppingCartSuccessFully(DesktopsTest.java:69)<br />
              java.base/jdk.internal.reflect.NativeMethodAccessorImpl.invoke0(Native Method)<br />
              java.base/jdk.internal.reflect.NativeMethodAccessorImpl.invoke(NativeMethodAccessorImpl.java:77)<br />
              java.base/jdk.internal.reflect.DelegatingMethodAccessorImpl.invoke(DelegatingMethodAccessorImpl.java:43)<br />
              java.base/java.lang.reflect.Method.invoke(Method.java:568)<br />
              org.testng.internal.invokers.MethodInvocationHelper.invokeMethod(MethodInvocationHelper.java:141)<br />
              org.testng.internal.invokers.TestInvoker.invokeMethod(TestInvoker.java:686)<br />
              org.testng.internal.invokers.TestInvoker.invokeTestMethod(TestInvoker.java:230)<br />
              org.testng.internal.invokers.MethodRunner.runInSequence(MethodRunner.java:63)<br />
              org.testng.internal.invokers.TestInvoker$MethodInvocationAgent.invoke(TestInvoker.java:992)<br />
              org.testng.internal.invokers.TestInvoker.invokeTestMethods(TestInvoker.java:203)<br />
              org.testng.internal.invokers.TestMethodWorker.invokeTestMethods(TestMethodWorker.java:154)<br />
              org.testng.internal.invokers.TestMethodWorker.run(TestMethodWorker.java:134)<br />
              java.base/java.util.ArrayList.forEach(ArrayList.java:1511)<br />
              org.testng.TestRunner.privateRun(TestRunner.java:739)<br />
              org.testng.TestRunner.run(TestRunner.java:614)<br />
              org.testng.SuiteRunner.runTest(SuiteRunner.java:421)<br />
              org.testng.SuiteRunner.runSequentially(SuiteRunner.java:413)<br />
              org.testng.SuiteRunner.privateRun(SuiteRunner.java:373)<br />
              org.testng.SuiteRunner.run(SuiteRunner.java:312)<br />
              org.testng.SuiteRunnerWorker.runSuite(SuiteRunnerWorker.java:52)<br />
              org.testng.SuiteRunnerWorker.run(SuiteRunnerWorker.java:95)<br />
              org.testng.TestNG.runSuitesSequentially(TestNG.java:1274)<br />
              org.testng.TestNG.runSuitesLocally(TestNG.java:1208)<br />
              org.testng.TestNG.runSuites(TestNG.java:1112)<br />
              org.testng.TestNG.run(TestNG.java:1079)<br />
              com.intellij.rt.testng.IDEARemoteTestNG.run(IDEARemoteTestNG.java:65)<br />
              com.intellij.rt.testng.RemoteTestNGStarter.main(RemoteTestNGStarter.java:105)<br />
                </div>
      </td>
</tr>
<tr>
  <td class="method">
                  verifyProductArrangeInAlphaBaticalOrder
      </td>
  <td class="duration">
    1.899s
  </td>
  <td class="result">
        
    
            <div class="testOutput">
                        Click on [[ChromeDriver: chrome on windows (650dabaea649641f98fbbcb5b43cad5a)] -> xpath: //a[normalize-space()='Desktops']]
                                Click to see screenshot
                                <a target = "_blank" href=C:\Users\nirav\IdeaProjects\com-tutorialsninja-sw5/test-output/html/verifyProductArrangeInAlphaBaticalOrderMon_Jun_17_11_53_05_BST_2024.jpg>Screenshot</a>
                                <br>
                                <br>
                                <a target = "_blank" href=C:\Users\nirav\IdeaProjects\com-tutorialsninja-sw5/test-output/html/verifyProductArrangeInAlphaBaticalOrderMon_Jun_17_11_53_05_BST_2024.jpg><img src=C:\Users\nirav\IdeaProjects\com-tutorialsninja-sw5/test-output/html/verifyProductArrangeInAlphaBaticalOrderMon_Jun_17_11_53_05_BST_2024.jpg height=200 width=200></img></a>
                  </div>
    

        <a href="javascript:toggleElement('exception-1', 'block')" title="Click to expand/collapse"><b>java.lang.AssertionError: lists don&apos;t have the same size expected [12] but found [0]</b></a><br />
    <div class="stackTrace" id="exception-1">
              org.testng.Assert.fail(Assert.java:111)<br />
              org.testng.Assert.failNotEquals(Assert.java:1578)<br />
              org.testng.Assert.assertEqualsImpl(Assert.java:150)<br />
              org.testng.Assert.assertEquals(Assert.java:132)<br />
              org.testng.Assert.assertEquals(Assert.java:1419)<br />
              org.testng.Assert.assertEquals(Assert.java:1383)<br />
              org.testng.Assert.assertEquals(Assert.java:1630)<br />
              org.testng.Assert.assertEquals(Assert.java:1606)<br />
              com.tutorialsninja.demo.testsuite.DesktopsTest.verifyProductArrangeInAlphaBaticalOrder(DesktopsTest.java:42)<br />
              java.base/jdk.internal.reflect.NativeMethodAccessorImpl.invoke0(Native Method)<br />
              java.base/jdk.internal.reflect.NativeMethodAccessorImpl.invoke(NativeMethodAccessorImpl.java:77)<br />
              java.base/jdk.internal.reflect.DelegatingMethodAccessorImpl.invoke(DelegatingMethodAccessorImpl.java:43)<br />
              java.base/java.lang.reflect.Method.invoke(Method.java:568)<br />
              org.testng.internal.invokers.MethodInvocationHelper.invokeMethod(MethodInvocationHelper.java:141)<br />
              org.testng.internal.invokers.TestInvoker.invokeMethod(TestInvoker.java:686)<br />
              org.testng.internal.invokers.TestInvoker.invokeTestMethod(TestInvoker.java:230)<br />
              org.testng.internal.invokers.MethodRunner.runInSequence(MethodRunner.java:63)<br />
              org.testng.internal.invokers.TestInvoker$MethodInvocationAgent.invoke(TestInvoker.java:992)<br />
              org.testng.internal.invokers.TestInvoker.invokeTestMethods(TestInvoker.java:203)<br />
              org.testng.internal.invokers.TestMethodWorker.invokeTestMethods(TestMethodWorker.java:154)<br />
              org.testng.internal.invokers.TestMethodWorker.run(TestMethodWorker.java:134)<br />
              java.base/java.util.ArrayList.forEach(ArrayList.java:1511)<br />
              org.testng.TestRunner.privateRun(TestRunner.java:739)<br />
              org.testng.TestRunner.run(TestRunner.java:614)<br />
              org.testng.SuiteRunner.runTest(SuiteRunner.java:421)<br />
              org.testng.SuiteRunner.runSequentially(SuiteRunner.java:413)<br />
              org.testng.SuiteRunner.privateRun(SuiteRunner.java:373)<br />
              org.testng.SuiteRunner.run(SuiteRunner.java:312)<br />
              org.testng.SuiteRunnerWorker.runSuite(SuiteRunnerWorker.java:52)<br />
              org.testng.SuiteRunnerWorker.run(SuiteRunnerWorker.java:95)<br />
              org.testng.TestNG.runSuitesSequentially(TestNG.java:1274)<br />
              org.testng.TestNG.runSuitesLocally(TestNG.java:1208)<br />
              org.testng.TestNG.runSuites(TestNG.java:1112)<br />
              org.testng.TestNG.run(TestNG.java:1079)<br />
              com.intellij.rt.testng.IDEARemoteTestNG.run(IDEARemoteTestNG.java:65)<br />
              com.intellij.rt.testng.RemoteTestNGStarter.main(RemoteTestNGStarter.java:105)<br />
                </div>
      </td>
</tr>
      </table>


  <table class="resultsTable">
    <tr><th colspan="3" class="header passed">Passed Tests</th></tr>
          <tr>
        <td colspan="3" class="group">com.tutorialsninja.demo.testsuite.DesktopsTest</td>
      </tr>
            
<tr>
  <td class="method">
                  verifyProductAddedToShoppingCartSuccessFully
      </td>
  <td class="duration">
    6.909s
  </td>
  <td class="result">
        
          <i>Method arguments: </i><span class="arguments">"Sony VAIO", "1", "Success: You have added Sony VAIO to your shopping cart!", "Sony VAIO", "Product 19", "£736.23"</span><br />
    
            <div class="testOutput">
                        Click on [[ChromeDriver: chrome on windows (7d20fe3888113018376ac58c4eac1ec9)] -> xpath: //span[normalize-space()='Currency']]
                                Click on [[ChromeDriver: chrome on windows (7d20fe3888113018376ac58c4eac1ec9)] -> xpath: //a[normalize-space()='Desktops']]
                                Click on Sony VAIO
                                update 1
                                Click on [[ChromeDriver: chrome on windows (7d20fe3888113018376ac58c4eac1ec9)] -> id: button-cart]
                                Get [[ChromeDriver: chrome on windows (7d20fe3888113018376ac58c4eac1ec9)] -> xpath: //div[@class='alert alert-success alert-dismissible']]
                                Click on [[ChromeDriver: chrome on windows (7d20fe3888113018376ac58c4eac1ec9)] -> xpath: //a[normalize-space()='shopping cart']]
                                Get [[ChromeDriver: chrome on windows (7d20fe3888113018376ac58c4eac1ec9)] -> xpath: //h1[contains(text(),'Shopping Cart')]]
                                Get [[ChromeDriver: chrome on windows (7d20fe3888113018376ac58c4eac1ec9)] -> xpath: //body[1]/div[2]/div[1]/div[1]/form[1]/div[1]/table[1]/tbody[1]/tr[1]/td[2]/a[1]]
                                Get [[ChromeDriver: chrome on windows (7d20fe3888113018376ac58c4eac1ec9)] -> xpath: //tbody//tr//td[@class='text-left'][2]]
                                Get [[ChromeDriver: chrome on windows (7d20fe3888113018376ac58c4eac1ec9)] -> xpath: //body[1]/div[2]/div[1]/div[1]/form[1]/div[1]/table[1]/tbody[1]/tr[1]/td[6]]
                  </div>
    

      </td>
</tr>
      </table>
  
</body>
</html>
